  HW6.cpp
C:\Users\berke\Desktop\Okul\Graduate\Mech534\HW\Git\MECH534-Computer-Based-Modeling-and-Simulation\HW6\HW6.cpp(73,1): warning C4305: 'initializing': truncation from 'double' to 'float'
C:\Users\berke\Desktop\Okul\Graduate\Mech534\HW\Git\MECH534-Computer-Based-Modeling-and-Simulation\HW6\HW6.cpp(117,23): warning C4305: 'argument': truncation from 'double' to 'float'
C:\Users\berke\Desktop\Okul\Graduate\Mech534\HW\Git\MECH534-Computer-Based-Modeling-and-Simulation\HW6\HW6.cpp(118,24): warning C4305: 'argument': truncation from 'double' to 'float'
C:\Users\berke\Desktop\Okul\Graduate\Mech534\HW\Git\MECH534-Computer-Based-Modeling-and-Simulation\HW6\HW6.cpp(119,23): warning C4305: 'argument': truncation from 'double' to 'float'
C:\Users\berke\Desktop\Okul\Graduate\Mech534\HW\Git\MECH534-Computer-Based-Modeling-and-Simulation\HW6\HW6.cpp(126,23): warning C4305: 'argument': truncation from 'double' to 'float'
C:\Users\berke\Desktop\Okul\Graduate\Mech534\HW\Git\MECH534-Computer-Based-Modeling-and-Simulation\HW6\HW6.cpp(133,22): warning C4305: 'argument': truncation from 'double' to 'float'
C:\Users\berke\Desktop\Okul\Graduate\Mech534\HW\Git\MECH534-Computer-Based-Modeling-and-Simulation\HW6\HW6.cpp(134,23): warning C4305: 'argument': truncation from 'double' to 'float'
C:\Users\berke\Desktop\Okul\Graduate\Mech534\HW\Git\MECH534-Computer-Based-Modeling-and-Simulation\HW6\HW6.cpp(139,26): warning C4305: 'argument': truncation from 'double' to 'float'
C:\Users\berke\Desktop\Okul\Graduate\Mech534\HW\Git\MECH534-Computer-Based-Modeling-and-Simulation\HW6\HW6.cpp(141,26): warning C4305: 'argument': truncation from 'double' to 'float'
C:\Users\berke\Desktop\Okul\Graduate\Mech534\HW\Git\MECH534-Computer-Based-Modeling-and-Simulation\HW6\HW6.cpp(147,26): warning C4305: 'argument': truncation from 'double' to 'float'
C:\Users\berke\Desktop\Okul\Graduate\Mech534\HW\Git\MECH534-Computer-Based-Modeling-and-Simulation\HW6\HW6.cpp(149,26): warning C4305: 'argument': truncation from 'double' to 'float'
C:\Users\berke\Desktop\Okul\Graduate\Mech534\HW\Git\MECH534-Computer-Based-Modeling-and-Simulation\HW6\HW6.cpp(158,50): warning C4305: 'argument': truncation from 'double' to 'float'
C:\Users\berke\Desktop\Okul\Graduate\Mech534\HW\Git\MECH534-Computer-Based-Modeling-and-Simulation\HW6\HW6.cpp(159,49): warning C4305: 'argument': truncation from 'double' to 'float'
C:\Users\berke\Desktop\Okul\Graduate\Mech534\HW\Git\MECH534-Computer-Based-Modeling-and-Simulation\HW6\HW6.cpp(160,54): warning C4305: 'argument': truncation from 'double' to 'float'
C:\Users\berke\Desktop\Okul\Graduate\Mech534\HW\Git\MECH534-Computer-Based-Modeling-and-Simulation\HW6\HW6.cpp(174,66): warning C4305: 'argument': truncation from 'double' to 'const float'
C:\Users\berke\Desktop\Okul\Graduate\Mech534\HW\Git\MECH534-Computer-Based-Modeling-and-Simulation\HW6\HW6.cpp(183,66): warning C4305: 'argument': truncation from 'double' to 'const float'
C:\Users\berke\Desktop\Okul\Graduate\Mech534\HW\Git\MECH534-Computer-Based-Modeling-and-Simulation\HW6\HW6.cpp(192,65): warning C4305: 'argument': truncation from 'double' to 'const float'
C:\Users\berke\Desktop\Okul\Graduate\Mech534\HW\Git\MECH534-Computer-Based-Modeling-and-Simulation\HW6\HW6.cpp(202,67): warning C4305: 'argument': truncation from 'double' to 'const float'
C:\Users\berke\Desktop\Okul\Graduate\Mech534\HW\Git\MECH534-Computer-Based-Modeling-and-Simulation\HW6\HW6.cpp(214,52): warning C4305: 'argument': truncation from 'double' to 'float'
C:\Users\berke\Desktop\Okul\Graduate\Mech534\HW\Git\MECH534-Computer-Based-Modeling-and-Simulation\HW6\HW6.cpp(215,49): warning C4305: 'argument': truncation from 'double' to 'float'
C:\Users\berke\Desktop\Okul\Graduate\Mech534\HW\Git\MECH534-Computer-Based-Modeling-and-Simulation\HW6\HW6.cpp(216,52): warning C4305: 'argument': truncation from 'double' to 'float'
C:\Users\berke\Desktop\Okul\Graduate\Mech534\HW\Git\MECH534-Computer-Based-Modeling-and-Simulation\HW6\HW6.cpp(217,31): warning C4305: 'argument': truncation from 'double' to 'float'
C:\Users\berke\Desktop\Okul\Graduate\Mech534\HW\Git\MECH534-Computer-Based-Modeling-and-Simulation\HW6\HW6.cpp(220,51): warning C4305: 'argument': truncation from 'double' to 'float'
C:\Users\berke\Desktop\Okul\Graduate\Mech534\HW\Git\MECH534-Computer-Based-Modeling-and-Simulation\HW6\HW6.cpp(221,51): warning C4305: 'argument': truncation from 'double' to 'float'
C:\Users\berke\Desktop\Okul\Graduate\Mech534\HW\Git\MECH534-Computer-Based-Modeling-and-Simulation\HW6\HW6.cpp(222,54): warning C4305: 'argument': truncation from 'double' to 'float'
C:\Users\berke\Desktop\Okul\Graduate\Mech534\HW\Git\MECH534-Computer-Based-Modeling-and-Simulation\HW6\HW6.cpp(223,33): warning C4305: 'argument': truncation from 'double' to 'float'
C:\Users\berke\Desktop\Okul\Graduate\Mech534\HW\Git\MECH534-Computer-Based-Modeling-and-Simulation\HW6\HW6.cpp(246,43): warning C4305: 'argument': truncation from 'double' to 'float'
C:\Users\berke\Desktop\Okul\Graduate\Mech534\HW\Git\MECH534-Computer-Based-Modeling-and-Simulation\HW6\HW6.cpp(247,43): warning C4305: 'argument': truncation from 'double' to 'float'
  HW6.vcxproj -> C:\Users\berke\Desktop\Okul\Graduate\Mech534\HW\Git\MECH534-Computer-Based-Modeling-and-Simulation\HW6\x64\Debug\HW6.exe
